2021-12-21 12:13:48,426 - INFO - Observable: Attached an observer.
2021-12-21 12:13:48,426 - INFO - Observable: Attached an observer.
2021-12-21 12:13:48,426 - INFO - SmartHome: Garage opened!
2021-12-21 12:13:48,426 - INFO - Observable: Notifying observers...
2021-12-21 12:13:48,426 - INFO - SmartHome: Light turned On!
2021-12-21 12:13:48,426 - INFO - Observable: Notifying observers...
2021-12-21 12:13:48,426 - INFO - Notification: Hey Alice! Bob forgot to close the garage.
2021-12-21 12:13:48,426 - INFO - Notification: Hey Bob! You'll still have to close the garage.
2021-12-21 12:13:48,426 - INFO - SmartHome: Garage closed!
2021-12-21 12:13:48,426 - INFO - Observable: Notifying observers...
2021-12-21 12:13:48,426 - INFO - SmartHome: Garage opened!
2021-12-21 12:13:48,426 - INFO - Observable: Notifying observers...
2021-12-21 12:13:48,426 - INFO - Notification: Hey Alice! You'll still have to turn off the light.
2021-12-21 12:13:48,426 - INFO - Notification: Hey Bob! Alice forgot to turn off the light.
2021-12-21 12:13:48,426 - INFO - SmartHome: Garage closed!
2021-12-21 12:13:48,426 - INFO - Observable: Notifying observers...
2021-12-21 12:13:48,426 - INFO - SmartHome: Light turned Off!
2021-12-21 12:13:48,426 - INFO - Observable: Notifying observers...
2021-12-21 12:13:48,426 - INFO - SmartHome: Garage opened!
2021-12-21 12:13:48,426 - INFO - Observable: Notifying observers...
2021-12-21 12:13:48,427 - INFO - SmartHome: Garage closed!
2021-12-21 12:13:48,427 - INFO - Observable: Notifying observers...
2021-12-21 12:13:48,427 - INFO - Observable: Detached an observer.
